DEBUG:root:'userscore' 0.04 sec
DEBUG:root:'producerscore' 0.01 sec
DEBUG:root:'genresscore' 0.08 sec
DEBUG:root:'tagsscore' 0.01 sec
DEBUG:root:'ratingscore' 0.00 sec
DEBUG:root:'nnscore' 0.13 sec
DEBUG:root:'getAnimeList' 0.31 sec
DEBUG:root:'index' 0.33 sec
DEBUG:root:'userscore' 0.14 sec
DEBUG:root:'producerscore' 0.01 sec
DEBUG:root:'genresscore' 0.12 sec
DEBUG:root:'tagsscore' 0.01 sec
DEBUG:root:'ratingscore' 0.00 sec
DEBUG:root:'nnscore' 0.39 sec
DEBUG:root:'userscore' 0.10 sec
DEBUG:root:'producerscore' 0.01 sec
DEBUG:root:'genresscore' 0.08 sec
DEBUG:root:'tagsscore' 0.01 sec
DEBUG:root:'ratingscore' 0.00 sec
DEBUG:root:'nnscore' 0.43 sec
DEBUG:root:'getAnimeList' 0.66 sec
DEBUG:root:'index' 0.69 sec
DEBUG:root:'userscore' 0.10 sec
DEBUG:root:'producerscore' 0.01 sec
DEBUG:root:'genresscore' 0.09 sec
DEBUG:root:'tagsscore' 0.01 sec
DEBUG:root:'ratingscore' 0.00 sec
DEBUG:root:'nnscore' 0.41 sec
DEBUG:root:'getAnimeList' 0.64 sec
DEBUG:root:'index' 0.67 sec
DEBUG:root:'userscore' 0.14 sec
DEBUG:root:'producerscore' 0.01 sec
DEBUG:root:'genresscore' 0.12 sec
DEBUG:root:'tagsscore' 0.01 sec
DEBUG:root:'ratingscore' 0.00 sec
DEBUG:root:'nnscore' 0.49 sec
DEBUG:root:'getAnimeList' 0.81 sec
DEBUG:root:'index' 0.83 sec
DEBUG:root:'userscore' 0.14 sec
DEBUG:root:'producerscore' 0.01 sec
DEBUG:root:'genresscore' 0.12 sec
DEBUG:root:'tagsscore' 0.01 sec
DEBUG:root:'ratingscore' 0.00 sec
DEBUG:root:'nnscore' 0.47 sec
DEBUG:root:'getAnimeList' 0.79 sec
DEBUG:root:'index' 0.82 sec
DEBUG:root:'userscore' 0.14 sec
DEBUG:root:'producerscore' 0.01 sec
DEBUG:root:'genresscore' 0.12 sec
DEBUG:root:'tagsscore' 0.01 sec
DEBUG:root:'ratingscore' 0.00 sec
DEBUG:root:'nnscore' 0.55 sec
DEBUG:root:'getAnimeList' 0.88 sec
DEBUG:root:'userscore' 0.13 sec
DEBUG:root:'producerscore' 0.01 sec
DEBUG:root:'genresscore' 0.12 sec
DEBUG:root:'tagsscore' 0.01 sec
DEBUG:root:'ratingscore' 0.00 sec
DEBUG:root:'nnscore' 0.40 sec
DEBUG:root:'getAnimeList' 0.72 sec
DEBUG:root:'userscore' 0.09 sec
DEBUG:root:'producerscore' 0.01 sec
DEBUG:root:'genresscore' 0.08 sec
DEBUG:root:'tagsscore' 0.01 sec
DEBUG:root:'ratingscore' 0.00 sec
DEBUG:root:'nnscore' 0.36 sec
DEBUG:root:'getAnimeList' 0.58 sec
DEBUG:root:'userscore' 0.11 sec
DEBUG:root:'producerscore' 0.01 sec
DEBUG:root:'genresscore' 0.09 sec
DEBUG:root:'tagsscore' 0.01 sec
DEBUG:root:'ratingscore' 0.00 sec
DEBUG:root:'nnscore' 0.52 sec
DEBUG:root:'getAnimeList' 0.77 sec
DEBUG:root:'index' 0.77 sec
DEBUG:root:'userscore' 0.10 sec
DEBUG:root:'producerscore' 0.01 sec
DEBUG:root:'genresscore' 0.08 sec
DEBUG:root:'tagsscore' 0.01 sec
DEBUG:root:'ratingscore' 0.00 sec
DEBUG:root:'nnscore' 0.50 sec
DEBUG:root:'getAnimeList' 0.72 sec
DEBUG:root:'index' 0.73 sec
DEBUG:root:'userscore' 0.10 sec
DEBUG:root:'producerscore' 0.01 sec
DEBUG:root:'genresscore' 0.13 sec
DEBUG:root:'tagsscore' 0.01 sec
DEBUG:root:'ratingscore' 0.00 sec
DEBUG:root:'nnscore' 0.57 sec
DEBUG:root:'getAnimeList' 0.85 sec
DEBUG:root:'index' 0.86 sec
DEBUG:root:'userscore' 0.10 sec
DEBUG:root:'producerscore' 0.01 sec
DEBUG:root:'genresscore' 0.08 sec
DEBUG:root:'tagsscore' 0.01 sec
DEBUG:root:'ratingscore' 0.00 sec
DEBUG:root:'nnscore' 0.37 sec
DEBUG:root:'getAnimeList' 0.59 sec
DEBUG:root:'index' 0.60 sec
DEBUG:root:'userscore' 0.10 sec
DEBUG:root:'producerscore' 0.01 sec
DEBUG:root:'genresscore' 0.09 sec
DEBUG:root:'tagsscore' 0.01 sec
DEBUG:root:'ratingscore' 0.00 sec
DEBUG:root:'nnscore' 0.46 sec
DEBUG:root:'getAnimeList' 0.71 sec
DEBUG:root:'index' 0.72 sec
DEBUG:root:'userscore' 0.10 sec
DEBUG:root:'producerscore' 0.01 sec
DEBUG:root:'genresscore' 0.09 sec
DEBUG:root:'tagsscore' 0.01 sec
DEBUG:root:'ratingscore' 0.00 sec
DEBUG:root:'nnscore' 0.41 sec
DEBUG:root:'getAnimeList' 0.65 sec
DEBUG:root:'index' 0.67 sec
DEBUG:root:'userscore' 0.09 sec
DEBUG:root:'producerscore' 0.01 sec
DEBUG:root:'genresscore' 0.08 sec
DEBUG:root:'tagsscore' 0.01 sec
DEBUG:root:'ratingscore' 0.00 sec
DEBUG:root:'nnscore' 0.54 sec
DEBUG:root:'getAnimeList' 0.76 sec
DEBUG:root:'index' 0.78 sec
DEBUG:root:'userscore' 0.14 sec
DEBUG:root:'producerscore' 0.01 sec
DEBUG:root:'genresscore' 0.12 sec
DEBUG:root:'tagsscore' 0.01 sec
DEBUG:root:'ratingscore' 0.00 sec
DEBUG:root:'nnscore' 0.39 sec
DEBUG:root:'getAnimeList' 0.72 sec
DEBUG:root:'userscore' 0.14 sec
DEBUG:root:'producerscore' 0.01 sec
DEBUG:root:'genresscore' 0.12 sec
DEBUG:root:'tagsscore' 0.01 sec
DEBUG:root:'ratingscore' 0.00 sec
DEBUG:root:'nnscore' 0.42 sec
DEBUG:root:'getAnimeList' 0.74 sec
DEBUG:root:'userscore' 0.10 sec
DEBUG:root:'producerscore' 0.01 sec
DEBUG:root:'genresscore' 0.08 sec
DEBUG:root:'tagsscore' 0.01 sec
DEBUG:root:'ratingscore' 0.00 sec
DEBUG:root:'nnscore' 0.36 sec
DEBUG:root:'getAnimeList' 0.59 sec
DEBUG:root:'index' 0.60 sec
DEBUG:root:'userscore' 0.14 sec
DEBUG:root:'producerscore' 0.01 sec
DEBUG:root:'genresscore' 0.12 sec
DEBUG:root:'tagsscore' 0.01 sec
DEBUG:root:'ratingscore' 0.00 sec
DEBUG:root:'nnscore' 0.51 sec
DEBUG:root:'getAnimeList' 0.83 sec
DEBUG:root:'userscore' 0.10 sec
DEBUG:root:'producerscore' 0.01 sec
DEBUG:root:'genresscore' 0.09 sec
DEBUG:root:'tagsscore' 0.01 sec
DEBUG:root:'ratingscore' 0.00 sec
DEBUG:root:'nnscore' 0.50 sec
DEBUG:root:'userscore' 0.10 sec
DEBUG:root:'producerscore' 0.01 sec
DEBUG:root:'genresscore' 0.09 sec
DEBUG:root:'tagsscore' 0.01 sec
DEBUG:root:'ratingscore' 0.00 sec
DEBUG:root:'nnscore' 0.37 sec
DEBUG:root:'getAnimeList' 0.60 sec
DEBUG:root:'userscore' 0.10 sec
DEBUG:root:'producerscore' 0.02 sec
DEBUG:root:'genresscore' 0.13 sec
DEBUG:root:'tagsscore' 0.01 sec
DEBUG:root:'ratingscore' 0.00 sec
DEBUG:root:'nnscore' 0.45 sec
DEBUG:root:'getAnimeList' 0.74 sec
DEBUG:root:'userscore' 0.14 sec
DEBUG:root:'producerscore' 0.01 sec
DEBUG:root:'genresscore' 0.11 sec
DEBUG:root:'tagsscore' 0.01 sec
DEBUG:root:'ratingscore' 0.00 sec
DEBUG:root:'nnscore' 0.41 sec
DEBUG:root:'getAnimeList' 0.73 sec
DEBUG:root:'userscore' 0.14 sec
DEBUG:root:'producerscore' 0.01 sec
DEBUG:root:'genresscore' 0.12 sec
DEBUG:root:'tagsscore' 0.01 sec
DEBUG:root:'ratingscore' 0.00 sec
DEBUG:root:'nnscore' 0.47 sec
DEBUG:root:'getAnimeList' 0.79 sec
DEBUG:root:'userscore' 0.10 sec
DEBUG:root:'producerscore' 0.01 sec
DEBUG:root:'genresscore' 0.08 sec
DEBUG:root:'tagsscore' 0.01 sec
DEBUG:root:'ratingscore' 0.00 sec
DEBUG:root:'nnscore' 0.37 sec
DEBUG:root:'getAnimeList' 0.60 sec
DEBUG:root:'userscore' 0.14 sec
DEBUG:root:'producerscore' 0.01 sec
DEBUG:root:'genresscore' 0.11 sec
DEBUG:root:'tagsscore' 0.01 sec
DEBUG:root:'ratingscore' 0.00 sec
DEBUG:root:'nnscore' 0.37 sec
DEBUG:root:'getAnimeList' 0.67 sec
DEBUG:root:'userscore' 0.11 sec
DEBUG:root:'producerscore' 0.01 sec
DEBUG:root:'genresscore' 0.12 sec
DEBUG:root:'tagsscore' 0.01 sec
DEBUG:root:'ratingscore' 0.00 sec
DEBUG:root:'nnscore' 0.55 sec
DEBUG:root:'getAnimeList' 0.85 sec
DEBUG:root:'userscore' 0.10 sec
DEBUG:root:'producerscore' 0.01 sec
DEBUG:root:'genresscore' 0.08 sec
DEBUG:root:'tagsscore' 0.01 sec
DEBUG:root:'ratingscore' 0.00 sec
DEBUG:root:'nnscore' 0.37 sec
DEBUG:root:'getAnimeList' 0.59 sec
DEBUG:root:'index' 0.60 sec
DEBUG:root:'userscore' 0.10 sec
DEBUG:root:'producerscore' 0.01 sec
DEBUG:root:'genresscore' 0.09 sec
DEBUG:root:'tagsscore' 0.01 sec
DEBUG:root:'ratingscore' 0.00 sec
DEBUG:root:'nnscore' 0.49 sec
DEBUG:root:'userscore' 0.10 sec
DEBUG:root:'producerscore' 0.01 sec
DEBUG:root:'genresscore' 0.08 sec
DEBUG:root:'tagsscore' 0.01 sec
DEBUG:root:'ratingscore' 0.00 sec
DEBUG:root:'nnscore' 0.37 sec
DEBUG:root:'userscore' 0.10 sec
DEBUG:root:'producerscore' 0.01 sec
DEBUG:root:'genresscore' 0.08 sec
DEBUG:root:'tagsscore' 0.01 sec
DEBUG:root:'ratingscore' 0.00 sec
DEBUG:root:'nnscore' 0.37 sec
DEBUG:root:'getAnimeList' 0.61 sec
DEBUG:root:'index' 0.62 sec
DEBUG:root:'userscore' 0.15 sec
DEBUG:root:'producerscore' 0.01 sec
DEBUG:root:'genresscore' 0.12 sec
DEBUG:root:'tagsscore' 0.01 sec
DEBUG:root:'ratingscore' 0.00 sec
DEBUG:root:'nnscore' 0.54 sec
DEBUG:root:'getAnimeList' 0.87 sec
DEBUG:root:'userscore' 0.14 sec
DEBUG:root:'producerscore' 0.01 sec
DEBUG:root:'genresscore' 0.08 sec
DEBUG:root:'tagsscore' 0.01 sec
DEBUG:root:'ratingscore' 0.00 sec
DEBUG:root:'nnscore' 0.37 sec
DEBUG:root:'getAnimeList' 0.64 sec
DEBUG:root:'index' 0.65 sec
DEBUG:root:'userscore' 0.14 sec
DEBUG:root:'producerscore' 0.02 sec
DEBUG:root:'genresscore' 0.12 sec
DEBUG:root:'tagsscore' 0.01 sec
DEBUG:root:'ratingscore' 0.00 sec
DEBUG:root:'nnscore' 0.53 sec
DEBUG:root:'userscore' 0.13 sec
DEBUG:root:'producerscore' 0.01 sec
DEBUG:root:'genresscore' 0.12 sec
DEBUG:root:'tagsscore' 0.01 sec
DEBUG:root:'ratingscore' 0.00 sec
DEBUG:root:'nnscore' 0.54 sec
DEBUG:root:'userscore' 0.14 sec
DEBUG:root:'producerscore' 0.01 sec
DEBUG:root:'genresscore' 0.09 sec
DEBUG:root:'tagsscore' 0.01 sec
DEBUG:root:'ratingscore' 0.00 sec
DEBUG:root:'nnscore' 0.37 sec
DEBUG:root:'userscore' 0.14 sec
DEBUG:root:'producerscore' 0.01 sec
DEBUG:root:'genresscore' 0.12 sec
DEBUG:root:'tagsscore' 0.01 sec
DEBUG:root:'ratingscore' 0.00 sec
DEBUG:root:'nnscore' 0.50 sec
DEBUG:root:'userscore' 0.10 sec
DEBUG:root:'producerscore' 0.01 sec
DEBUG:root:'genresscore' 0.08 sec
DEBUG:root:'tagsscore' 0.01 sec
DEBUG:root:'ratingscore' 0.00 sec
DEBUG:root:'nnscore' 0.38 sec
DEBUG:root:'getAnimeList' 0.61 sec
DEBUG:root:'index' 0.62 sec
DEBUG:root:'userscore' 0.10 sec
DEBUG:root:'producerscore' 0.01 sec
DEBUG:root:'genresscore' 0.08 sec
DEBUG:root:'tagsscore' 0.01 sec
DEBUG:root:'ratingscore' 0.00 sec
DEBUG:root:'nnscore' 0.36 sec
DEBUG:root:'getAnimeList' 0.59 sec
DEBUG:root:'index' 0.60 sec
DEBUG:root:'userscore' 0.10 sec
DEBUG:root:'producerscore' 0.01 sec
DEBUG:root:'genresscore' 0.08 sec
DEBUG:root:'tagsscore' 0.01 sec
DEBUG:root:'ratingscore' 0.00 sec
DEBUG:root:'nnscore' 0.37 sec
DEBUG:root:'getAnimeList' 0.60 sec
DEBUG:root:'index' 0.61 sec
DEBUG:root:'userscore' 0.09 sec
DEBUG:root:'producerscore' 0.01 sec
DEBUG:root:'genresscore' 0.08 sec
DEBUG:root:'tagsscore' 0.01 sec
DEBUG:root:'ratingscore' 0.00 sec
DEBUG:root:'nnscore' 0.49 sec
DEBUG:root:'getAnimeList' 0.71 sec
DEBUG:root:'index' 0.73 sec
DEBUG:root:'userscore' 0.10 sec
DEBUG:root:'producerscore' 0.01 sec
DEBUG:root:'genresscore' 0.09 sec
DEBUG:root:'tagsscore' 0.01 sec
DEBUG:root:'ratingscore' 0.00 sec
DEBUG:root:'nnscore' 0.42 sec
DEBUG:root:'userscore' 0.10 sec
DEBUG:root:'producerscore' 0.01 sec
DEBUG:root:'genresscore' 0.09 sec
DEBUG:root:'tagsscore' 0.01 sec
DEBUG:root:'ratingscore' 0.00 sec
DEBUG:root:'nnscore' 0.38 sec
DEBUG:root:'getAnimeList' 0.61 sec
DEBUG:root:'index' 0.62 sec
DEBUG:root:'userscore' 0.10 sec
DEBUG:root:'producerscore' 0.01 sec
DEBUG:root:'genresscore' 0.08 sec
DEBUG:root:'tagsscore' 0.01 sec
DEBUG:root:'ratingscore' 0.00 sec
DEBUG:root:'nnscore' 0.36 sec
DEBUG:root:'getAnimeList' 0.59 sec
DEBUG:root:'index' 0.60 sec
DEBUG:root:'userscore' 0.14 sec
DEBUG:root:'producerscore' 0.01 sec
DEBUG:root:'genresscore' 0.12 sec
DEBUG:root:'tagsscore' 0.01 sec
DEBUG:root:'ratingscore' 0.00 sec
DEBUG:root:'nnscore' 0.54 sec
DEBUG:root:'getAnimeList' 0.87 sec
DEBUG:root:'index' 0.88 sec
DEBUG:root:'userscore' 0.15 sec
DEBUG:root:'producerscore' 0.01 sec
DEBUG:root:'genresscore' 0.12 sec
DEBUG:root:'tagsscore' 0.01 sec
DEBUG:root:'ratingscore' 0.00 sec
DEBUG:root:'nnscore' 0.52 sec
DEBUG:root:'getAnimeList' 0.85 sec
DEBUG:root:'index' 0.87 sec
DEBUG:root:'userscore' 0.14 sec
DEBUG:root:'producerscore' 0.01 sec
DEBUG:root:'genresscore' 0.09 sec
DEBUG:root:'tagsscore' 0.01 sec
DEBUG:root:'ratingscore' 0.00 sec
DEBUG:root:'nnscore' 0.55 sec
DEBUG:root:'getAnimeList' 0.85 sec
DEBUG:root:'index' 0.87 sec
DEBUG:root:'userscore' 0.10 sec
DEBUG:root:'producerscore' 0.01 sec
DEBUG:root:'genresscore' 0.09 sec
DEBUG:root:'tagsscore' 0.01 sec
DEBUG:root:'ratingscore' 0.00 sec
DEBUG:root:'nnscore' 0.39 sec
DEBUG:root:'userscore' 0.10 sec
DEBUG:root:'producerscore' 0.01 sec
DEBUG:root:'genresscore' 0.08 sec
DEBUG:root:'tagsscore' 0.01 sec
DEBUG:root:'ratingscore' 0.00 sec
DEBUG:root:'nnscore' 0.37 sec
DEBUG:root:'getAnimeList' 0.60 sec
DEBUG:root:'index' 0.62 sec
DEBUG:root:'userscore' 0.10 sec
DEBUG:root:'producerscore' 0.01 sec
DEBUG:root:'genresscore' 0.09 sec
DEBUG:root:'tagsscore' 0.01 sec
DEBUG:root:'ratingscore' 0.00 sec
DEBUG:root:'nnscore' 0.37 sec
DEBUG:root:'userscore' 0.10 sec
DEBUG:root:'producerscore' 0.01 sec
DEBUG:root:'genresscore' 0.09 sec
DEBUG:root:'tagsscore' 0.01 sec
DEBUG:root:'ratingscore' 0.00 sec
DEBUG:root:'nnscore' 0.44 sec
DEBUG:root:'getAnimeList' 0.68 sec
DEBUG:root:'index' 0.69 sec
DEBUG:root:'userscore' 0.10 sec
DEBUG:root:'producerscore' 0.01 sec
DEBUG:root:'genresscore' 0.08 sec
DEBUG:root:'tagsscore' 0.01 sec
DEBUG:root:'ratingscore' 0.00 sec
DEBUG:root:'nnscore' 0.40 sec
DEBUG:root:'getAnimeList' 0.63 sec
DEBUG:root:'index' 0.65 sec
DEBUG:root:'userscore' 0.10 sec
DEBUG:root:'producerscore' 0.01 sec
DEBUG:root:'genresscore' 0.09 sec
DEBUG:root:'tagsscore' 0.01 sec
DEBUG:root:'ratingscore' 0.00 sec
DEBUG:root:'nnscore' 0.39 sec
DEBUG:root:'getAnimeList' 0.63 sec
DEBUG:root:'index' 0.64 sec
DEBUG:root:'userscore' 0.14 sec
DEBUG:root:'producerscore' 0.01 sec
DEBUG:root:'genresscore' 0.12 sec
DEBUG:root:'tagsscore' 0.01 sec
DEBUG:root:'ratingscore' 0.00 sec
DEBUG:root:'nnscore' 0.55 sec
DEBUG:root:'getAnimeList' 0.88 sec
DEBUG:root:'index' 0.89 sec
DEBUG:root:'userscore' 0.11 sec
DEBUG:root:'producerscore' 0.01 sec
DEBUG:root:'genresscore' 0.09 sec
DEBUG:root:'tagsscore' 0.01 sec
DEBUG:root:'ratingscore' 0.00 sec
DEBUG:root:'nnscore' 0.37 sec
DEBUG:root:'getAnimeList' 0.61 sec
DEBUG:root:'index' 0.63 sec
DEBUG:root:'userscore' 0.14 sec
DEBUG:root:'producerscore' 0.01 sec
DEBUG:root:'genresscore' 0.12 sec
DEBUG:root:'tagsscore' 0.01 sec
DEBUG:root:'ratingscore' 0.00 sec
DEBUG:root:'nnscore' 0.54 sec
DEBUG:root:'getAnimeList' 0.87 sec
DEBUG:root:'index' 0.89 sec
DEBUG:root:'userscore' 0.14 sec
DEBUG:root:'producerscore' 0.01 sec
DEBUG:root:'genresscore' 0.10 sec
DEBUG:root:'tagsscore' 0.01 sec
DEBUG:root:'ratingscore' 0.00 sec
DEBUG:root:'nnscore' 0.37 sec
DEBUG:root:'getAnimeList' 0.66 sec
DEBUG:root:'index' 0.68 sec
DEBUG:root:'userscore' 0.14 sec
DEBUG:root:'producerscore' 0.01 sec
DEBUG:root:'genresscore' 0.12 sec
DEBUG:root:'tagsscore' 0.01 sec
DEBUG:root:'ratingscore' 0.00 sec
DEBUG:root:'nnscore' 0.53 sec
DEBUG:root:'getAnimeList' 0.85 sec
DEBUG:root:'index' 0.86 sec
DEBUG:root:'userscore' 0.14 sec
DEBUG:root:'producerscore' 0.01 sec
DEBUG:root:'genresscore' 0.08 sec
DEBUG:root:'tagsscore' 0.01 sec
DEBUG:root:'ratingscore' 0.00 sec
DEBUG:root:'nnscore' 0.48 sec
DEBUG:root:'getAnimeList' 0.77 sec
DEBUG:root:'index' 0.79 sec
DEBUG:root:'userscore' 0.10 sec
DEBUG:root:'producerscore' 0.01 sec
DEBUG:root:'genresscore' 0.09 sec
DEBUG:root:'tagsscore' 0.01 sec
DEBUG:root:'ratingscore' 0.00 sec
DEBUG:root:'nnscore' 0.37 sec
DEBUG:root:'getAnimeList' 0.60 sec
DEBUG:root:'index' 0.62 sec
DEBUG:root:'userscore' 0.07 sec
DEBUG:root:'producerscore' 0.02 sec
DEBUG:root:'genresscore' 0.08 sec
DEBUG:root:'tagsscore' 0.01 sec
DEBUG:root:'ratingscore' 0.00 sec
DEBUG:root:'nnscore' 0.14 sec
DEBUG:root:'getAnimeList' 0.35 sec
DEBUG:root:'index' 0.36 sec
DEBUG:root:'userscore' 0.07 sec
DEBUG:root:'producerscore' 0.01 sec
DEBUG:root:'genresscore' 0.12 sec
DEBUG:root:'tagsscore' 0.01 sec
DEBUG:root:'ratingscore' 0.00 sec
DEBUG:root:'nnscore' 0.16 sec
DEBUG:root:'getAnimeList' 0.40 sec
DEBUG:root:'index' 0.41 sec
DEBUG:root:'userscore' 0.05 sec
DEBUG:root:'producerscore' 0.01 sec
DEBUG:root:'genresscore' 0.09 sec
DEBUG:root:'tagsscore' 0.01 sec
DEBUG:root:'ratingscore' 0.00 sec
DEBUG:root:'nnscore' 0.14 sec
DEBUG:root:'getAnimeList' 0.32 sec
DEBUG:root:'index' 0.33 sec
DEBUG:root:'userscore' 0.05 sec
DEBUG:root:'producerscore' 0.01 sec
DEBUG:root:'genresscore' 0.09 sec
DEBUG:root:'tagsscore' 0.01 sec
DEBUG:root:'ratingscore' 0.00 sec
DEBUG:root:'nnscore' 0.14 sec
DEBUG:root:'getAnimeList' 0.32 sec
DEBUG:root:'userscore' 0.05 sec
DEBUG:root:'producerscore' 0.01 sec
DEBUG:root:'genresscore' 0.08 sec
DEBUG:root:'tagsscore' 0.01 sec
DEBUG:root:'ratingscore' 0.00 sec
DEBUG:root:'nnscore' 0.14 sec
DEBUG:root:'getAnimeList' 0.31 sec
DEBUG:root:'userscore' 0.05 sec
DEBUG:root:'producerscore' 0.01 sec
DEBUG:root:'genresscore' 0.08 sec
DEBUG:root:'tagsscore' 0.01 sec
DEBUG:root:'ratingscore' 0.00 sec
DEBUG:root:'nnscore' 0.14 sec
DEBUG:root:'getAnimeList' 0.31 sec
DEBUG:root:'userscore' 0.07 sec
DEBUG:root:'producerscore' 0.01 sec
DEBUG:root:'genresscore' 0.12 sec
DEBUG:root:'tagsscore' 0.01 sec
DEBUG:root:'ratingscore' 0.00 sec
DEBUG:root:'nnscore' 0.21 sec
DEBUG:root:'getAnimeList' 0.46 sec
DEBUG:root:'index' 0.48 sec
DEBUG:root:'userscore' 0.05 sec
DEBUG:root:'producerscore' 0.03 sec
DEBUG:root:'genresscore' 0.11 sec
DEBUG:root:'tagsscore' 0.01 sec
DEBUG:root:'ratingscore' 0.00 sec
DEBUG:root:'nnscore' 0.17 sec
DEBUG:root:'getAnimeList' 0.40 sec
DEBUG:root:'index' 0.42 sec
DEBUG:root:'userscore' 0.07 sec
DEBUG:root:'producerscore' 0.01 sec
DEBUG:root:'genresscore' 0.12 sec
DEBUG:root:'tagsscore' 0.01 sec
DEBUG:root:'ratingscore' 0.01 sec
DEBUG:root:'nnscore' 0.20 sec
DEBUG:root:'getAnimeList' 0.45 sec
DEBUG:root:'index' 0.47 sec
DEBUG:root:'userscore' 0.15 sec
DEBUG:root:'producerscore' 0.01 sec
DEBUG:root:'genresscore' 0.12 sec
DEBUG:root:'tagsscore' 0.01 sec
DEBUG:root:'ratingscore' 0.00 sec
DEBUG:root:'nnscore' 0.55 sec
DEBUG:root:'getAnimeList' 0.89 sec
DEBUG:root:'index' 0.91 sec
DEBUG:root:'userscore' 0.14 sec
DEBUG:root:'producerscore' 0.01 sec
DEBUG:root:'genresscore' 0.12 sec
DEBUG:root:'tagsscore' 0.01 sec
DEBUG:root:'ratingscore' 0.00 sec
DEBUG:root:'nnscore' 0.40 sec
DEBUG:root:'getAnimeList' 0.72 sec
DEBUG:root:'index' 0.74 sec
DEBUG:root:'userscore' 0.10 sec
DEBUG:root:'producerscore' 0.01 sec
DEBUG:root:'genresscore' 0.08 sec
DEBUG:root:'tagsscore' 0.01 sec
DEBUG:root:'ratingscore' 0.00 sec
DEBUG:root:'nnscore' 0.38 sec
DEBUG:root:'getAnimeList' 0.61 sec
DEBUG:root:'index' 0.62 sec
DEBUG:root:'userscore' 0.09 sec
DEBUG:root:'producerscore' 0.01 sec
DEBUG:root:'genresscore' 0.08 sec
DEBUG:root:'tagsscore' 0.01 sec
DEBUG:root:'ratingscore' 0.00 sec
DEBUG:root:'nnscore' 0.38 sec
DEBUG:root:'getAnimeList' 0.61 sec
DEBUG:root:'index' 0.62 sec
DEBUG:root:'userscore' 0.10 sec
DEBUG:root:'producerscore' 0.01 sec
DEBUG:root:'genresscore' 0.09 sec
DEBUG:root:'tagsscore' 0.01 sec
DEBUG:root:'ratingscore' 0.00 sec
DEBUG:root:'nnscore' 0.39 sec
DEBUG:root:'getAnimeList' 0.62 sec
DEBUG:root:'index' 0.64 sec
DEBUG:root:'userscore' 0.13 sec
DEBUG:root:'producerscore' 0.01 sec
DEBUG:root:'genresscore' 0.12 sec
DEBUG:root:'tagsscore' 0.01 sec
DEBUG:root:'ratingscore' 0.00 sec
DEBUG:root:'nnscore' 0.37 sec
DEBUG:root:'getAnimeList' 0.68 sec
DEBUG:root:'index' 0.69 sec
DEBUG:root:'getAnimeList' 0.02 sec
DEBUG:root:'index' 0.03 sec
DEBUG:root:'getAnimeList' 0.02 sec
DEBUG:root:'index' 0.04 sec
DEBUG:root:'getAnimeList' 0.02 sec
DEBUG:root:'index' 0.03 sec
DEBUG:root:'userscore' 0.07 sec
DEBUG:root:'producerscore' 0.01 sec
DEBUG:root:'genresscore' 0.11 sec
DEBUG:root:'tagsscore' 0.01 sec
DEBUG:root:'ratingscore' 0.01 sec
DEBUG:root:'nnscore' 0.22 sec
DEBUG:root:'getAnimeList' 0.48 sec
DEBUG:root:'index' 0.50 sec
DEBUG:root:'userscore' 0.07 sec
DEBUG:root:'producerscore' 0.01 sec
DEBUG:root:'genresscore' 0.11 sec
DEBUG:root:'tagsscore' 0.01 sec
DEBUG:root:'ratingscore' 0.00 sec
DEBUG:root:'nnscore' 0.22 sec
DEBUG:root:'getAnimeList' 0.47 sec
DEBUG:root:'index' 0.49 sec
DEBUG:root:'userscore' 0.05 sec
DEBUG:root:'producerscore' 0.02 sec
DEBUG:root:'genresscore' 0.10 sec
DEBUG:root:'tagsscore' 0.01 sec
DEBUG:root:'ratingscore' 0.01 sec
DEBUG:root:'nnscore' 0.22 sec
DEBUG:root:'getAnimeList' 0.44 sec
DEBUG:root:'index' 0.46 sec
DEBUG:root:'userscore' 0.07 sec
DEBUG:root:'producerscore' 0.01 sec
DEBUG:root:'genresscore' 0.12 sec
DEBUG:root:'tagsscore' 0.01 sec
DEBUG:root:'ratingscore' 0.00 sec
DEBUG:root:'nnscore' 0.22 sec
DEBUG:root:'getAnimeList' 0.47 sec
DEBUG:root:'index' 0.49 sec
DEBUG:root:'userscore' 0.07 sec
DEBUG:root:'producerscore' 0.01 sec
DEBUG:root:'genresscore' 0.12 sec
DEBUG:root:'tagsscore' 0.01 sec
DEBUG:root:'ratingscore' 0.00 sec
DEBUG:root:'nnscore' 0.22 sec
DEBUG:root:'getAnimeList' 0.47 sec
DEBUG:root:'index' 0.48 sec
DEBUG:root:'userscore' 0.06 sec
DEBUG:root:'producerscore' 0.01 sec
DEBUG:root:'genresscore' 0.08 sec
DEBUG:root:'tagsscore' 0.01 sec
DEBUG:root:'ratingscore' 0.00 sec
DEBUG:root:'nnscore' 0.15 sec
DEBUG:root:'getAnimeList' 0.33 sec
DEBUG:root:'index' 0.34 sec
DEBUG:root:'getAnimeList' 0.02 sec
DEBUG:root:'index' 0.03 sec
DEBUG:root:'getAnimeList' 0.01 sec
DEBUG:root:'index' 0.03 sec
DEBUG:root:'getAnimeList' 0.02 sec
DEBUG:root:'index' 0.03 sec
DEBUG:root:'getAnimeList' 0.02 sec
DEBUG:root:'index' 0.03 sec
DEBUG:root:'getAnimeList' 0.02 sec
DEBUG:root:'index' 0.04 sec
DEBUG:root:'getAnimeList' 0.01 sec
DEBUG:root:'index' 0.03 sec
DEBUG:root:'getAnimeList' 0.02 sec
DEBUG:root:'index' 0.04 sec
DEBUG:root:'getAnimeList' 0.02 sec
DEBUG:root:'index' 0.04 sec
DEBUG:root:'getAnimeList' 0.02 sec
DEBUG:root:'index' 0.03 sec
DEBUG:root:'getAnimeList' 0.01 sec
DEBUG:root:'index' 0.03 sec
DEBUG:root:'getAnimeList' 0.01 sec
DEBUG:root:'index' 0.03 sec
DEBUG:root:'getAnimeList' 0.01 sec
DEBUG:root:'index' 0.03 sec
DEBUG:root:'userscore' 0.06 sec
DEBUG:root:'producerscore' 0.01 sec
DEBUG:root:'genresscore' 0.12 sec
DEBUG:root:'tagsscore' 0.01 sec
DEBUG:root:'ratingscore' 0.00 sec
DEBUG:root:'nnscore' 0.20 sec
DEBUG:root:'getAnimeList' 0.45 sec
DEBUG:root:'index' 0.47 sec
DEBUG:root:'getAnimeList' 0.02 sec
DEBUG:root:'index' 0.04 sec
DEBUG:root:'getAnimeList' 0.01 sec
DEBUG:root:'index' 0.03 sec
DEBUG:root:'getAnimeList' 0.02 sec
DEBUG:root:'index' 0.04 sec
DEBUG:root:'getAnimeList' 0.02 sec
DEBUG:root:'index' 0.04 sec
DEBUG:root:'index' 0.02 sec
DEBUG:root:'index' 0.02 sec
DEBUG:root:'getAnimeList' 0.02 sec
DEBUG:root:'index' 0.03 sec
DEBUG:root:'index' 0.02 sec
DEBUG:root:'index' 0.01 sec
DEBUG:root:'index' 0.02 sec
DEBUG:root:'index' 0.01 sec
DEBUG:root:'index' 0.01 sec
DEBUG:root:'index' 0.02 sec
DEBUG:root:'index' 0.01 sec
DEBUG:root:'userscore' 0.05 sec
DEBUG:root:'producerscore' 0.01 sec
DEBUG:root:'genresscore' 0.10 sec
DEBUG:root:'tagsscore' 0.01 sec
DEBUG:root:'ratingscore' 0.00 sec
DEBUG:root:'nnscore' 0.23 sec
DEBUG:root:'getAnimeList' 0.44 sec
DEBUG:root:'index' 0.45 sec
DEBUG:root:'userscore' 0.05 sec
DEBUG:root:'producerscore' 0.01 sec
DEBUG:root:'genresscore' 0.08 sec
DEBUG:root:'tagsscore' 0.01 sec
DEBUG:root:'ratingscore' 0.00 sec
DEBUG:root:'nnscore' 0.13 sec
DEBUG:root:'getAnimeList' 0.30 sec
DEBUG:root:'index' 0.31 sec
DEBUG:root:'userscore' 0.05 sec
DEBUG:root:'producerscore' 0.01 sec
DEBUG:root:'genresscore' 0.08 sec
DEBUG:root:'tagsscore' 0.01 sec
DEBUG:root:'ratingscore' 0.00 sec
DEBUG:root:'nnscore' 0.13 sec
DEBUG:root:'getAnimeList' 0.30 sec
DEBUG:root:'index' 0.31 sec
DEBUG:root:'userscore' 0.07 sec
DEBUG:root:'producerscore' 0.01 sec
DEBUG:root:'genresscore' 0.11 sec
DEBUG:root:'tagsscore' 0.01 sec
DEBUG:root:'ratingscore' 0.00 sec
DEBUG:root:'nnscore' 0.20 sec
DEBUG:root:'getAnimeList' 0.45 sec
DEBUG:root:'index' 0.47 sec
DEBUG:root:'getAnimeList' 0.02 sec
DEBUG:root:'index' 0.04 sec
DEBUG:root:'userscore' 0.05 sec
DEBUG:root:'producerscore' 0.01 sec
DEBUG:root:'genresscore' 0.08 sec
DEBUG:root:'tagsscore' 0.01 sec
DEBUG:root:'ratingscore' 0.00 sec
DEBUG:root:'nnscore' 0.13 sec
DEBUG:root:'getAnimeList' 0.30 sec
DEBUG:root:'index' 0.31 sec
DEBUG:root:'userscore' 0.06 sec
DEBUG:root:'producerscore' 0.01 sec
DEBUG:root:'genresscore' 0.11 sec
DEBUG:root:'tagsscore' 0.01 sec
DEBUG:root:'ratingscore' 0.00 sec
DEBUG:root:'nnscore' 0.20 sec
DEBUG:root:'getAnimeList' 0.44 sec
DEBUG:root:'index' 0.46 sec
DEBUG:root:'userscore' 0.07 sec
DEBUG:root:'producerscore' 0.01 sec
DEBUG:root:'genresscore' 0.12 sec
DEBUG:root:'tagsscore' 0.01 sec
DEBUG:root:'ratingscore' 0.00 sec
DEBUG:root:'nnscore' 0.21 sec
DEBUG:root:'getAnimeList' 0.46 sec
DEBUG:root:'index' 0.48 sec
DEBUG:root:'userscore' 0.05 sec
DEBUG:root:'producerscore' 0.01 sec
DEBUG:root:'genresscore' 0.08 sec
DEBUG:root:'tagsscore' 0.01 sec
DEBUG:root:'ratingscore' 0.00 sec
DEBUG:root:'nnscore' 0.14 sec
DEBUG:root:'getAnimeList' 0.31 sec
DEBUG:root:'index' 0.32 sec
DEBUG:root:'userscore' 0.05 sec
DEBUG:root:'producerscore' 0.01 sec
DEBUG:root:'genresscore' 0.08 sec
DEBUG:root:'tagsscore' 0.01 sec
DEBUG:root:'ratingscore' 0.00 sec
DEBUG:root:'nnscore' 0.14 sec
DEBUG:root:'getAnimeList' 0.31 sec
DEBUG:root:'index' 0.32 sec
DEBUG:root:'userscore' 0.07 sec
DEBUG:root:'producerscore' 0.01 sec
DEBUG:root:'genresscore' 0.12 sec
DEBUG:root:'tagsscore' 0.01 sec
DEBUG:root:'ratingscore' 0.00 sec
DEBUG:root:'nnscore' 0.21 sec
DEBUG:root:'getAnimeList' 0.46 sec
DEBUG:root:'index' 0.48 sec
DEBUG:root:'userscore' 0.05 sec
DEBUG:root:'producerscore' 0.01 sec
DEBUG:root:'genresscore' 0.08 sec
DEBUG:root:'tagsscore' 0.01 sec
DEBUG:root:'ratingscore' 0.00 sec
DEBUG:root:'nnscore' 0.18 sec
DEBUG:root:'getAnimeList' 0.36 sec
DEBUG:root:'index' 0.38 sec
DEBUG:root:'userscore' 0.05 sec
DEBUG:root:'producerscore' 0.01 sec
DEBUG:root:'genresscore' 0.08 sec
DEBUG:root:'tagsscore' 0.01 sec
DEBUG:root:'ratingscore' 0.00 sec
DEBUG:root:'nnscore' 0.14 sec
DEBUG:root:'getAnimeList' 0.31 sec
DEBUG:root:'index' 0.32 sec
DEBUG:root:'userscore' 0.06 sec
DEBUG:root:'producerscore' 0.01 sec
DEBUG:root:'genresscore' 0.06 sec
DEBUG:root:'tagsscore' 0.01 sec
DEBUG:root:'ratingscore' 0.01 sec
DEBUG:root:'nnscore' 0.25 sec
DEBUG:root:'getAnimeList' 0.41 sec
DEBUG:root:'userscore' 0.14 sec
DEBUG:root:'producerscore' 0.01 sec
DEBUG:root:'genresscore' 0.12 sec
DEBUG:root:'tagsscore' 0.01 sec
DEBUG:root:'ratingscore' 0.00 sec
DEBUG:root:'nnscore' 0.56 sec
DEBUG:root:'getAnimeList' 0.88 sec
DEBUG:root:'index' 0.90 sec
DEBUG:root:'userscore' 0.10 sec
DEBUG:root:'producerscore' 0.01 sec
DEBUG:root:'genresscore' 0.08 sec
DEBUG:root:'tagsscore' 0.01 sec
DEBUG:root:'ratingscore' 0.00 sec
DEBUG:root:'nnscore' 0.37 sec
DEBUG:root:'getAnimeList' 0.59 sec
DEBUG:root:'index' 0.61 sec
DEBUG:root:'userscore' 0.10 sec
DEBUG:root:'producerscore' 0.01 sec
DEBUG:root:'genresscore' 0.08 sec
DEBUG:root:'tagsscore' 0.01 sec
DEBUG:root:'ratingscore' 0.00 sec
DEBUG:root:'nnscore' 0.37 sec
DEBUG:root:'getAnimeList' 0.59 sec
DEBUG:root:'index' 0.60 sec
DEBUG:root:'userscore' 0.10 sec
DEBUG:root:'producerscore' 0.01 sec
DEBUG:root:'genresscore' 0.08 sec
DEBUG:root:'tagsscore' 0.01 sec
DEBUG:root:'ratingscore' 0.00 sec
DEBUG:root:'nnscore' 0.37 sec
DEBUG:root:'getAnimeList' 0.59 sec
DEBUG:root:'index' 0.60 sec
DEBUG:root:'userscore' 0.10 sec
DEBUG:root:'producerscore' 0.01 sec
DEBUG:root:'genresscore' 0.08 sec
DEBUG:root:'tagsscore' 0.01 sec
DEBUG:root:'ratingscore' 0.00 sec
DEBUG:root:'nnscore' 0.37 sec
DEBUG:root:'getAnimeList' 0.60 sec
DEBUG:root:'userscore' 0.10 sec
DEBUG:root:'producerscore' 0.01 sec
DEBUG:root:'genresscore' 0.08 sec
DEBUG:root:'tagsscore' 0.01 sec
DEBUG:root:'ratingscore' 0.00 sec
DEBUG:root:'nnscore' 0.37 sec
DEBUG:root:'getAnimeList' 0.58 sec
DEBUG:root:'userscore' 0.10 sec
DEBUG:root:'producerscore' 0.01 sec
DEBUG:root:'genresscore' 0.09 sec
DEBUG:root:'tagsscore' 0.01 sec
DEBUG:root:'ratingscore' 0.00 sec
DEBUG:root:'nnscore' 0.58 sec
DEBUG:root:'getAnimeList' 0.81 sec
DEBUG:root:'userscore' 0.10 sec
DEBUG:root:'producerscore' 0.01 sec
DEBUG:root:'genresscore' 0.08 sec
DEBUG:root:'tagsscore' 0.01 sec
DEBUG:root:'ratingscore' 0.00 sec
DEBUG:root:'nnscore' 0.37 sec
DEBUG:root:'getAnimeList' 0.59 sec
DEBUG:root:'userscore' 0.10 sec
DEBUG:root:'producerscore' 0.01 sec
DEBUG:root:'genresscore' 0.08 sec
DEBUG:root:'tagsscore' 0.01 sec
DEBUG:root:'ratingscore' 0.00 sec
DEBUG:root:'nnscore' 0.61 sec
DEBUG:root:'getAnimeList' 0.83 sec
DEBUG:root:'userscore' 0.09 sec
DEBUG:root:'producerscore' 0.01 sec
DEBUG:root:'genresscore' 0.08 sec
DEBUG:root:'tagsscore' 0.01 sec
DEBUG:root:'ratingscore' 0.00 sec
DEBUG:root:'nnscore' 0.36 sec
DEBUG:root:'getAnimeList' 0.58 sec
DEBUG:root:'userscore' 0.14 sec
DEBUG:root:'producerscore' 0.01 sec
DEBUG:root:'genresscore' 0.12 sec
DEBUG:root:'tagsscore' 0.01 sec
DEBUG:root:'ratingscore' 0.00 sec
DEBUG:root:'nnscore' 0.55 sec
DEBUG:root:'getAnimeList' 0.87 sec
DEBUG:root:'userscore' 0.14 sec
DEBUG:root:'producerscore' 0.01 sec
DEBUG:root:'genresscore' 0.12 sec
DEBUG:root:'tagsscore' 0.01 sec
DEBUG:root:'ratingscore' 0.00 sec
DEBUG:root:'nnscore' 0.55 sec
DEBUG:root:'getAnimeList' 0.88 sec
DEBUG:root:'userscore' 0.14 sec
DEBUG:root:'producerscore' 0.02 sec
DEBUG:root:'genresscore' 0.11 sec
DEBUG:root:'tagsscore' 0.01 sec
DEBUG:root:'ratingscore' 0.00 sec
DEBUG:root:'nnscore' 0.37 sec
DEBUG:root:'getAnimeList' 0.69 sec
DEBUG:root:'index' 0.70 sec
